<?xml version="1.0" encoding="UTF-8"?>
<!-- Generated by org.testng.reporters.JUnitXMLReporter -->
<testsuite ignored="0" hostname="EC2AMAZ-S11DBRH" failures="0" tests="8" name="Default test" time="0.103" errors="0" timestamp="2023-11-27T13:26:10 GMT">
  <testcase classname="parallelScripts.SampleTwoTest" name="testOne" time="0.01"/>
  <testcase classname="parallelScripts.SampleTwoTest" name="testThree" time="0.008"/>
  <testcase classname="parallelScripts.SampleTwoTest" name="testThree" time="0.01"/>
  <testcase classname="parallelScripts.SampleTwoTest" name="testThree" time="0.01"/>
  <testcase classname="parallelScripts.SampleTwoTest" name="testThree" time="0.002"/>
  <testcase classname="parallelScripts.SampleTwoTest" name="testThree" time="0.017"/>
  <testcase classname="parallelScripts.SampleTwoTest" name="testThree" time="0.015"/>
  <testcase classname="parallelScripts.SampleTwoTest" name="testTwo" time="0.002"/>
</testsuite> <!-- Default test -->
