<?xml version="1.0" encoding="UTF-8"?>
<!-- Generated by org.testng.reporters.JUnitXMLReporter -->
<testsuite ignored="0" hostname="EC2AMAZ-S11DBRH" failures="0" tests="3" name="ParallelTest" time="5.069" errors="0" timestamp="2023-11-27T13:13:34 GMT">
  <testcase classname="parallelScripts.SampleThreeTest" name="testOne" time="2.48"/>
  <testcase classname="parallelScripts.SampleThreeTest" name="testThree" time="1.288"/>
  <testcase classname="parallelScripts.SampleThreeTest" name="testTwo" time="1.252"/>
</testsuite> <!-- ParallelTest -->
