<?xml version="1.0" encoding="UTF-8"?>
<!-- Generated by org.testng.reporters.JUnitXMLReporter -->
<testsuite ignored="0" hostname="EC2AMAZ-S11DBRH" failures="0" tests="3" name="Test" time="10.287" errors="0" timestamp="2023-11-26T09:59:28 GMT">
  <testcase classname="testNGTestScripts.GooglePageTest" name="searchpage" time="0.152"/>
  <testcase classname="testNGTestScripts.ElementsTest" name="getList" time="1.097"/>
  <testcase classname="testNGTestScripts.ElementsTest" name="getSize" time="5.061"/>
</testsuite> <!-- Test -->
