<?xml version="1.0" encoding="UTF-8"?>
<testng-results ignored="0" total="8" passed="8" failed="0" skipped="0">
  <reporter-output>
  </reporter-output>
  <suite started-at="2023-11-27T13:26:10 GMT" name="Default suite" finished-at="2023-11-27T13:26:10 GMT" duration-ms="103">
    <groups>
    </groups>
    <test started-at="2023-11-27T13:26:10 GMT" name="Default test" finished-at="2023-11-27T13:26:10 GMT" duration-ms="103">
      <class name="parallelScripts.SampleTwoTest">
        <test-method signature="testOne()[pri:0, instance:parallelScripts.SampleTwoTest@1356d4d4]" started-at="2023-11-27T13:26:10 GMT" name="testOne" finished-at="2023-11-27T13:26:10 GMT" duration-ms="10" status="PASS">
          <reporter-output>
          </reporter-output>
        </test-method> <!-- testOne -->
        <test-method signature="testThree()[pri:0, instance:parallelScripts.SampleTwoTest@1356d4d4]" started-at="2023-11-27T13:26:10 GMT" name="testThree" finished-at="2023-11-27T13:26:10 GMT" duration-ms="10" status="PASS">
          <reporter-output>
          </reporter-output>
        </test-method> <!-- testThree -->
        <test-method signature="testThree()[pri:0, instance:parallelScripts.SampleTwoTest@1356d4d4]" started-at="2023-11-27T13:26:10 GMT" name="testThree" finished-at="2023-11-27T13:26:10 GMT" duration-ms="8" status="PASS">
          <reporter-output>
          </reporter-output>
        </test-method> <!-- testThree -->
        <test-method signature="testThree()[pri:0, instance:parallelScripts.SampleTwoTest@1356d4d4]" started-at="2023-11-27T13:26:10 GMT" name="testThree" finished-at="2023-11-27T13:26:10 GMT" duration-ms="10" status="PASS">
          <reporter-output>
          </reporter-output>
        </test-method> <!-- testThree -->
        <test-method signature="testThree()[pri:0, instance:parallelScripts.SampleTwoTest@1356d4d4]" started-at="2023-11-27T13:26:10 GMT" name="testThree" finished-at="2023-11-27T13:26:10 GMT" duration-ms="17" status="PASS">
          <reporter-output>
          </reporter-output>
        </test-method> <!-- testThree -->
        <test-method signature="testThree()[pri:0, instance:parallelScripts.SampleTwoTest@1356d4d4]" started-at="2023-11-27T13:26:10 GMT" name="testThree" finished-at="2023-11-27T13:26:10 GMT" duration-ms="2" status="PASS">
          <reporter-output>
          </reporter-output>
        </test-method> <!-- testThree -->
        <test-method signature="testThree()[pri:0, instance:parallelScripts.SampleTwoTest@1356d4d4]" started-at="2023-11-27T13:26:10 GMT" name="testThree" finished-at="2023-11-27T13:26:10 GMT" duration-ms="15" status="PASS">
          <reporter-output>
          </reporter-output>
        </test-method> <!-- testThree -->
        <test-method signature="testTwo()[pri:0, instance:parallelScripts.SampleTwoTest@1356d4d4]" started-at="2023-11-27T13:26:10 GMT" name="testTwo" finished-at="2023-11-27T13:26:10 GMT" duration-ms="2" status="PASS">
          <reporter-output>
          </reporter-output>
        </test-method> <!-- testTwo -->
      </class> <!-- parallelScripts.SampleTwoTest -->
    </test> <!-- Default test -->
  </suite> <!-- Default suite -->
</testng-results>
