<?xml version="1.0" encoding="UTF-8"?>
<testng-results ignored="0" total="3" passed="3" failed="0" skipped="0">
  <reporter-output>
  </reporter-output>
  <suite started-at="2023-11-26T09:59:17 GMT" name="Suite" finished-at="2023-11-26T09:59:27 GMT" duration-ms="10287">
    <groups>
    </groups>
    <test started-at="2023-11-26T09:59:17 GMT" name="Test" finished-at="2023-11-26T09:59:27 GMT" duration-ms="10287">
      <class name="testNGTestScripts.ElementsTest">
        <test-method is-config="true" signature="url()[pri:0, instance:testNGTestScripts.ElementsTest@36ac8a63]" started-at="2023-11-26T09:59:17 GMT" name="url" finished-at="2023-11-26T09:59:19 GMT" duration-ms="1367" status="PASS">
          <reporter-output>
          </reporter-output>
        </test-method> <!-- url -->
        <test-method signature="getList()[pri:0, instance:testNGTestScripts.ElementsTest@36ac8a63]" started-at="2023-11-26T09:59:21 GMT" name="getList" finished-at="2023-11-26T09:59:22 GMT" duration-ms="1097" status="PASS">
          <reporter-output>
          </reporter-output>
        </test-method> <!-- getList -->
        <test-method signature="getSize()[pri:0, instance:testNGTestScripts.ElementsTest@36ac8a63]" started-at="2023-11-26T09:59:22 GMT" name="getSize" finished-at="2023-11-26T09:59:27 GMT" duration-ms="5061" status="PASS">
          <reporter-output>
          </reporter-output>
        </test-method> <!-- getSize -->
        <test-method is-config="true" signature="close()[pri:0, instance:testNGTestScripts.ElementsTest@36ac8a63]" started-at="2023-11-26T09:59:27 GMT" name="close" finished-at="2023-11-26T09:59:27 GMT" duration-ms="107" status="PASS">
          <reporter-output>
          </reporter-output>
        </test-method> <!-- close -->
      </class> <!-- testNGTestScripts.ElementsTest -->
      <class name="testNGTestScripts.GooglePageTest">
        <test-method is-config="true" signature="lauchurl()[pri:0, instance:testNGTestScripts.GooglePageTest@66d23e4a]" started-at="2023-11-26T09:59:19 GMT" name="lauchurl" finished-at="2023-11-26T09:59:21 GMT" duration-ms="2309" status="PASS">
          <reporter-output>
          </reporter-output>
        </test-method> <!-- lauchurl -->
        <test-method signature="searchpage()[pri:0, instance:testNGTestScripts.GooglePageTest@66d23e4a]" started-at="2023-11-26T09:59:21 GMT" name="searchpage" finished-at="2023-11-26T09:59:21 GMT" duration-ms="152" status="PASS">
          <reporter-output>
          </reporter-output>
        </test-method> <!-- searchpage -->
        <test-method is-config="true" signature="closepage()[pri:0, instance:testNGTestScripts.GooglePageTest@66d23e4a]" started-at="2023-11-26T09:59:27 GMT" name="closepage" finished-at="2023-11-26T09:59:27 GMT" duration-ms="151" status="PASS">
          <reporter-output>
          </reporter-output>
        </test-method> <!-- closepage -->
      </class> <!-- testNGTestScripts.GooglePageTest -->
    </test> <!-- Test -->
  </suite> <!-- Suite -->
</testng-results>
